[ 0000000.0000 ]: This is FastPM, with libfastpm version 1.0.6ffdf35d96-dirty.
[ 0000000.0054 ]: Configuration {
[ 0000000.0054 ]: 	N_eff = 3.045999999999999819,
[ 0000000.0054 ]: 	N_nu = 0,
[ 0000000.0054 ]: 	Omega_k = 0,
[ 0000000.0054 ]: 	Omega_m = 0.308900000000000008,
[ 0000000.0054 ]: 	T_cmb = 0,
[ 0000000.0054 ]: 	boxsize = 1000.0,
[ 0000000.0054 ]: 	compute_potential = false,
[ 0000000.0054 ]: 	dh_factor = 1.0,
[ 0000000.0054 ]: 	enforce_broadband_kmax = 4,
[ 0000000.0054 ]: 	every_ncdm = 4,
[ 0000000.0054 ]: 	f_nl = 100.0,
[ 0000000.0054 ]: 	f_nl_type = "local",
[ 0000000.0054 ]: 	fof_kdtree_thresh = 8,
[ 0000000.0054 ]: 	fof_linkinglength = 0.200000000000000011,
[ 0000000.0054 ]: 	fof_nmin = 20,
[ 0000000.0054 ]: 	force_mode = "fastpm",
[ 0000000.0054 ]: 	force_softening_type = "none",
[ 0000000.0054 ]: 	growth_mode = "ODE",
[ 0000000.0054 ]: 	h = 0.677400000000000002,
[ 0000000.0054 ]: 	inverted_ic = false,
[ 0000000.0054 ]: 	kernel_type = "1_4",
[ 0000000.0054 ]: 	kmax_primordial_over_knyquist = 0.25,
[ 0000000.0054 ]: 	lc_fov = 0.0,
[ 0000000.0054 ]: 	lc_usmesh_alloc_factor = 1.0,
[ 0000000.0054 ]: 	lc_usmesh_ell_limit = 0,
[ 0000000.0054 ]: 	lc_usmesh_fof_padding = 10.0,
[ 0000000.0054 ]: 	linear_density_redshift = 0,
[ 0000000.0054 ]: 	linear_density_redshift_ncdm = 0,
[ 0000000.0054 ]: 	lpt_nc_factor = 1,
[ 0000000.0054 ]: 	lvk = true,
[ 0000000.0054 ]: 	n_shell = 10,
[ 0000000.0054 ]: 	n_side = 3,
[ 0000000.0054 ]: 	nc = 512,
[ 0000000.0054 ]: 	ncdm_freestreaming = true,
[ 0000000.0054 ]: 	ncdm_matterlike = true,
[ 0000000.0054 ]: 	ncdm_sphere_scheme = "fibonacci",
[ 0000000.0054 ]: 	np_alloc_factor = 4.0,
[ 0000000.0054 ]: 	painter_support = 2,
[ 0000000.0054 ]: 	painter_type = "cic",
[ 0000000.0054 ]: 	particle_fraction = 1.0,
[ 0000000.0054 ]: 	pgdc = false,
[ 0000000.0054 ]: 	pgdc_A = 4.0,
[ 0000000.0054 ]: 	pgdc_B = 8.0,
[ 0000000.0054 ]: 	pgdc_alpha0 = 0.800000000000000044,
[ 0000000.0054 ]: 	pgdc_kl = 2.0,
[ 0000000.0054 ]: 	pgdc_ks = 10.0,
[ 0000000.0054 ]: 	pm_nc_factor = 2,
[ 0000000.0054 ]: 	random_seed = 10,
[ 0000000.0054 ]: 	read_powerspectrum = "parameter_files/Planck2015Table4LastColumn_matterpower.dat",
[ 0000000.0054 ]: 	remove_cosmic_variance = true,
[ 0000000.0054 ]: 	rfof_a1 = 0.012,
[ 0000000.0054 ]: 	rfof_a2 = 0.059999999999999998,
[ 0000000.0054 ]: 	rfof_b1 = 7.019999999999999574,
[ 0000000.0054 ]: 	rfof_b2 = 6.025000000000000355,
[ 0000000.0054 ]: 	rfof_kdtree_thresh = 1,
[ 0000000.0054 ]: 	rfof_l1 = 0.25,
[ 0000000.0054 ]: 	rfof_l6 = 0.239999999999999991,
[ 0000000.0054 ]: 	rfof_linkinglength = 0.200000000000000011,
[ 0000000.0054 ]: 	rfof_nmin = 8,
[ 0000000.0054 ]: 	scalar_amp = 0.000000002142,
[ 0000000.0054 ]: 	scalar_pivot = 0.050000000000000003,
[ 0000000.0054 ]: 	scalar_spectral_index = 0.966700000000000004,
[ 0000000.0054 ]: 	set_mode_method = "override",
[ 0000000.0054 ]: 	shift = false,
[ 0000000.0054 ]: 	sigma8 = 0.81469999999999998,
[ 0000000.0054 ]: 	sort_snapshot = true,
[ 0000000.0054 ]: 	w0 = -1,
[ 0000000.0054 ]: 	wa = 0,
[ 0000000.0054 ]: 	write_powerspectrum = "/home/adrian/UNIT_PNG/FastPM_mod/output_tests/pks/pk_test_fastpm_bispectrum_fix_fnl100_s10",
[ 0000000.0054 ]: 	write_snapshot = "/home/adrian/UNIT_PNG/FastPM_mod/output_tests/snaps/test_fastpm_bispectrum_fix_fnl100_s10",
[ 0000000.0054 ]: 	za = false,
[ 0000000.0054 ]: 	m_ncdm = { },
[ 0000000.0054 ]: 	aout = {
[ 0000000.0054 ]: 		0.01,
[ 0000000.0054 ]: 	},
[ 0000000.0054 ]: 	lc_glmatrix = {
[ 0000000.0054 ]: 		{
[ 0000000.0054 ]: 			1,
[ 0000000.0054 ]: 			0,
[ 0000000.0054 ]: 			0,
[ 0000000.0054 ]: 			0,
[ 0000000.0054 ]: 		},
[ 0000000.0054 ]: 		{
[ 0000000.0054 ]: 			0,
[ 0000000.0054 ]: 			1,
[ 0000000.0054 ]: 			0,
[ 0000000.0054 ]: 			0,
[ 0000000.0054 ]: 		},
[ 0000000.0054 ]: 		{
[ 0000000.0054 ]: 			0,
[ 0000000.0054 ]: 			0,
[ 0000000.0054 ]: 			1,
[ 0000000.0054 ]: 			0,
[ 0000000.0054 ]: 		},
[ 0000000.0054 ]: 		{
[ 0000000.0054 ]: 			0,
[ 0000000.0054 ]: 			0,
[ 0000000.0054 ]: 			0,
[ 0000000.0054 ]: 			1,
[ 0000000.0054 ]: 		},
[ 0000000.0054 ]: 	},
[ 0000000.0054 ]: 	lc_octants = {
[ 0000000.0054 ]: 		0,
[ 0000000.0054 ]: 		1,
[ 0000000.0054 ]: 		2,
[ 0000000.0054 ]: 		3,
[ 0000000.0054 ]: 		4,
[ 0000000.0054 ]: 		5,
[ 0000000.0054 ]: 		6,
[ 0000000.0054 ]: 		7,
[ 0000000.0054 ]: 	},
[ 0000000.0054 ]: 	lc_usmesh_tiles = {
[ 0000000.0054 ]: 		{
[ 0000000.0054 ]: 			0,
[ 0000000.0054 ]: 			0,
[ 0000000.0054 ]: 			0,
[ 0000000.0054 ]: 		},
[ 0000000.0054 ]: 	},
[ 0000000.0054 ]: 	output_redshifts = {
[ 0000000.0054 ]: 		99,
[ 0000000.0054 ]: 	},
[ 0000000.0054 ]: 	time_step = {
[ 0000000.0054 ]: 		0.01,
[ 0000000.0054 ]: 		1.0,
[ 0000000.0054 ]: 	},
[ 0000000.0054 ]: }
[ 0000000.0054 ]: np_alloc_factor = 4
[ 0000056.1425 ]: BaseProcMesh : 1 x 1
[ 0000056.1427 ]: 8 Threads
[ 0000056.2801 ]: Powerspecectrum file: parameter_files/Planck2015Table4LastColumn_matterpower.dat
[ 0000056.2811 ]: Found 728 pairs of values in input spectrum table
[ 0000056.2812 ]: Input power spectrum sigma8 0.816178
[ 0000056.2812 ]: Expected power spectrum sigma8 0.8147; correction applied. 
[ 0000075.4976 ]: Remove Cosmic variance from initial condition.
[ 0000076.0415 ]: Variance of input white noise is 0.99999999, expectation is 0.99999999
[ 0000076.0416 ]: Will set Phi_Gaussian(k)=0 for k>=0.402124.
[ 0000076.0416 ]: Inducing non gaussian correlation to the white noise.
[ 0000079.0050 ]: Expected_avg_g_squared: 3.25091e-09, when there is no gaussian variance
[ 0000079.0050 ]: avg_g_squared: 3.50577e-09, 1.22905e-17
[ 0000079.2572 ]: Induced PNG with fNL=100 g_x[0] = -2.32248e-05
[ 0000080.9189 ]: Reference linear density is calibrated at redshift 0; multiply by 1 to extract to redshift 0.
[ 0000080.9936 ]: No cdm linear growth rate file input.
[ 0000082.0942 ]: writing linear power spectrum to /home/adrian/UNIT_PNG/FastPM_mod/output_tests/pks/pk_test_fastpm_bispectrum_fix_fnl100_s10_linear.txt
[ 0000082.0946 ]: mass of a CDM particle is 63.8558 1e10 Msun/h
[ 0000087.3427 ]: Sending ghosts: min = 0 max = 0 mean = 0 std = 0
[ 0000087.3428 ]: Receiving ghosts: min = 0 max = 0 mean = 0 std = 0
[ 0000092.4017 ]: Using sparse Alltoallv
[ 0000113.4685 ]: Using sparse Alltoallv
[ 0000113.4687 ]: Using sparse Alltoallv
[ 0000113.9179 ]: 2LPT ICs set at z=99: E=555.788 D1=0.0127507, D2=0.000161221, f1=0.999999, f2=2.00001
[ 0000115.2687 ]: dx1  : 5.82154 5.82313 5.82167 5.82211
[ 0000115.2687 ]: dx2  : 0.986409 0.986175 0.985757 0.986114
[ 0000115.6090 ]: ==== -> 001 [000 000 000] a_i = 0.0100 a_f = 0.0100 a_r = 0.0100 Action = FORCE(0) ====
[ 0000115.6091 ]: Task 0 Peak memory usage max: 46604.1 MB min : 46604.1 MB
[ 0000115.6091 ]: S 0x00007f44935f2010 : 0538972160 :              PMAlloc:             pm2lpt.c:54
[ 0000115.6091 ]: S 0x00007f44b37f4010 : 0538972160 :              PMAlloc:             pm2lpt.c:54
[ 0000115.6091 ]: S 0x00007f44d39f6010 : 0538972160 :              PMAlloc:             pm2lpt.c:54
[ 0000115.6091 ]: S 0x00007f44f3bf8010 : 0538972160 :              PMAlloc:             pm2lpt.c:47
[ 0000115.6091 ]: S 0x00007f4513dfa010 : 0538972160 :              PMAlloc:             pm2lpt.c:46
[ 0000115.6091 ]: S 0x000000000198b4c0 : 0000012288 :          FastPMStore:           pmghosts.c:183
[ 0000115.6091 ]: S 0x00000000019895f0 : 0000004096 :            Ghost2Par:           pmghosts.c:180
[ 0000115.6091 ]: S 0x00007f48599fc010 : 0538972160 :              PMAlloc:             fastpm.c:650
[ 0000115.6091 ]: S 0x00007f4879f31010 : 32749133824 :          FastPMStore:             solver.c:96
[ 0000115.6091 ]: H 0x000000000198f4e0 : 0000004096 :              SendBuf:           pmghosts.c:267
[ 0000115.6091 ]: H 0x000000000198e4d0 : 0000004096 :              RecvBuf:           pmghosts.c:266
[ 0000115.6091 ]: H 0x00007f4533ffc010 : 6442455040 :                  DX2:             solver.c:185
[ 0000115.6091 ]: H 0x00007f46b3ffe010 : 6442455040 :                  DX1:             solver.c:181
[ 0000129.7085 ]: Send buffer size : min=0 max=0 mean=0, std=0 bytes
[ 0000129.7086 ]: Recv buffer size : min=0 max=0 mean=0, std=0 bytes
[ 0000129.7086 ]: Decomposition iter 0,  exchange of 0 particles; need 0
[ 0000129.7086 ]: Using sparse Alltoallv
[ 0000129.7086 ]: Force Calculation Nmesh = 1024 ====
[ 0000129.7086 ]: Load imbalance: min = 1 max = 1 std = 0
[ 0000130.3575 ]: Position range (a = 0.0100): min = 2.9345e-07 5.64045e-07 1.58682e-07 max = 1000 1000 1000 
[ 0000130.3576 ]: Velocity dispersion (a = 0.0100): std = 0.00412567 0.0041268 0.00412575
[ 0000136.4791 ]: Sending ghosts: min = 0 max = 0 mean = 0 std = 0
[ 0000136.4792 ]: Receiving ghosts: min = 0 max = 0 mean = 0 std = 0
[ 0000141.5407 ]: Using sparse Alltoallv
[ 0000146.5995 ]: Using sparse Alltoallv
[ 0000191.2344 ]: p1    acc[0]: -0.465565 0.0750264 -3.18907e-11 0.405738
[ 0000191.2345 ]: p1    acc[1]: -0.414155 0.0750478 2.0489e-12 0.39695
[ 0000191.2345 ]: p1    acc[2]: -0.427307 0.0750282 -2.09405e-12 0.376851
[ 0000191.2345 ]: ghost acc[0]: 1e+20 -nan -nan -1e+20
[ 0000191.2345 ]: ghost acc[1]: 1e+20 -nan -nan -1e+20
[ 0000191.2345 ]: ghost acc[2]: 1e+20 -nan -nan -1e+20
[ 0000191.5742 ]: p1+g  acc[0]: -0.465565 0.0750264 -3.18907e-11 0.405738
[ 0000191.5742 ]: p1+g  acc[1]: -0.414155 0.0750478 2.0489e-12 0.39695
[ 0000191.5742 ]: p1+g  acc[2]: -0.427307 0.0750282 -2.09405e-12 0.376851
[ 0000191.5743 ]: Using sparse Alltoallv
[ 0000192.5629 ]: Force dispersion: std = 0.0750264 0.0750478 0.0750282
[ 0000198.4512 ]: D^2(0.01, 1.0) P(k<0.02512) = 23940.2 Sigma8 = 65.1493
[ 0000198.4513 ]: writing power spectrum to /home/adrian/UNIT_PNG/FastPM_mod/output_tests/pks/pk_test_fastpm_bispectrum_fix_fnl100_s10_0.0100.txt
[ 0000198.6662 ]: Growth/FastPM factors at a = 0.0100: D1=0.0127507, D2=0.000161221, f1=0.999999, f2=2.00001, G_p=0.0127507, G_f=0.000708669, g_p=1.27507, g_f=0.1063
[ 0000198.6671 ]: Checking Snapshots (0.0100 0.0100) with K(0.0100->0.0100|0.0100) D(0.0100->0.0100|0.0100)
[ 0000203.3546 ]: Snapshot a_x = 0.0100, a_v = 0.0100 
[ 0000203.3547 ]: Growth factor of snapshot 0.0128 (a=0.0100)
[ 0000203.3547 ]: Growth rate of snapshot 1.0000 (a=0.0100)
[ 0000307.7363 ]: number of particles after sorting: min = 1.34218e+08 max = 1.34218e+08 mean = 1.34218e+08 std = 0
[ 0000307.7364 ]: Writing a snapshot header to /home/adrian/UNIT_PNG/FastPM_mod/output_tests/snaps/test_fastpm_bispectrum_fix_fnl100_s10_0.0100
[ 0000307.7368 ]: RSD factor 1.799246e-03
[ 0000307.7376 ]: Writing a catalog to /home/adrian/UNIT_PNG/FastPM_mod/output_tests/snaps/test_fastpm_bispectrum_fix_fnl100_s10_0.0100 [1]
[ 0000307.7379 ]: Writing 134217728 objects.
[ 0000307.7381 ]: Writing block Position of (f8, 3) from 4 files with 1 writers
[ 0000311.9205 ]: Writing block Velocity of (f4, 3) from 4 files with 1 writers
[ 0000314.0248 ]: Writing block ID of (i8, 1) from 4 files with 1 writers
[ 0000315.4453 ]: snapshot /home/adrian/UNIT_PNG/FastPM_mod/output_tests/snaps/test_fastpm_bispectrum_fix_fnl100_s10_0.0100 [1] written at z = 99.0000 a = 0.0100 
[ 0000319.7813 ]: ==== -> 002 [000 001 000] a_i = 0.0100 a_f = 0.1000 a_r = 0.0100 Action = KICK(1) ====
[ 0000319.7823 ]: Growth/FastPM factors at a = 0.0100: D1=0.0127507, D2=0.000161221, f1=0.999999, f2=2.00001, G_p=0.0127507, G_f=0.000708669, g_p=1.27507, g_f=0.1063
[ 0000319.9223 ]: ==== -> 003 [001 001 000] a_i = 0.0100 a_f = 0.1000 a_r = 0.1000 Action = DRIFT(2) ====
[ 0000319.9243 ]: Growth/FastPM factors at a = 0.1000: D1=0.127455, D2=0.0161093, f1=0.998782, f2=1.99762, G_p=0.127455, G_f=0.0223987, g_p=1.273, g_f=0.335639
[ 0000319.9243 ]: Checking Snapshots (0.0100 0.1000) with K(0.1000->0.0100|0.0100) D(0.0100->0.1000|0.1000)
[ 0000320.0128 ]: ==== -> 004 [002 001 000] a_i = 0.1000 a_f = 1.0000 a_r = 0.1000 Action = DRIFT(2) ====
[ 0000320.0978 ]: ==== -> 005 [002 001 002] a_i = 0.0100 a_f = 1.0000 a_r = 1.0000 Action = FORCE(0) ====
[ 0000333.9980 ]: Send buffer size : min=0 max=0 mean=0, std=0 bytes
[ 0000333.9980 ]: Recv buffer size : min=0 max=0 mean=0, std=0 bytes
[ 0000333.9980 ]: Decomposition iter 0,  exchange of 0 particles; need 0
[ 0000333.9981 ]: Using sparse Alltoallv
[ 0000333.9981 ]: Force Calculation Nmesh = 1024 ====
[ 0000333.9981 ]: Load imbalance: min = 1 max = 1 std = 0
[ 0000334.6331 ]: Position range (a = 1.0000): min = 1.61945e-06 2.63959e-06 1.23556e-06 max = 1000 1000 1000 
[ 0000334.6332 ]: Velocity dispersion (a = 0.1000): std = 0.131741 0.131778 0.131744
[ 0000340.7628 ]: Sending ghosts: min = 0 max = 0 mean = 0 std = 0
[ 0000340.7629 ]: Receiving ghosts: min = 0 max = 0 mean = 0 std = 0
[ 0000346.5799 ]: Using sparse Alltoallv
[ 0000351.6836 ]: Using sparse Alltoallv
[ 0000401.4621 ]: p1    acc[0]: -52.3956 6.28719 -3.75045e-09 55.2179
[ 0000401.4622 ]: p1    acc[1]: -48.2132 6.29044 -4.19227e-10 52.1405
[ 0000401.4622 ]: p1    acc[2]: -57.0269 6.29079 2.23206e-09 57.6122
[ 0000401.4622 ]: ghost acc[0]: 1e+20 -nan -nan -1e+20
[ 0000401.4622 ]: ghost acc[1]: 1e+20 -nan -nan -1e+20
[ 0000401.4622 ]: ghost acc[2]: 1e+20 -nan -nan -1e+20
[ 0000401.7843 ]: p1+g  acc[0]: -52.3956 6.28719 -3.75045e-09 55.2179
[ 0000401.7843 ]: p1+g  acc[1]: -48.2132 6.29044 -4.19227e-10 52.1405
[ 0000401.7844 ]: p1+g  acc[2]: -57.0269 6.29079 2.23206e-09 57.6122
[ 0000401.7844 ]: Using sparse Alltoallv
[ 0000403.6674 ]: Force dispersion: std = 6.28719 6.29044 6.29079
[ 0000410.3213 ]: D^2(1, 1.0) P(k<0.02512) = 23670.8 Sigma8 = 0.751887
[ 0000410.3214 ]: writing power spectrum to /home/adrian/UNIT_PNG/FastPM_mod/output_tests/pks/pk_test_fastpm_bispectrum_fix_fnl100_s10_1.0000.txt
[ 0000410.5482 ]: ==== -> 006 [002 002 002] a_i = 0.1000 a_f = 1.0000 a_r = 1.0000 Action = KICK(1) ====
[ 0000410.5495 ]: Growth/FastPM factors at a = 0.1000: D1=0.127455, D2=0.0161093, f1=0.998782, f2=1.99762, G_p=0.127455, G_f=0.0223987, g_p=1.273, g_f=0.335639
[ 0000410.5507 ]: Checking Snapshots (0.1000 1.0000) with K(0.1000->1.0000|1.0000) D(1.0000->0.1000|0.1000)
[ 0000411.1835 ]: Growth/FastPM factors at a = 1.0000: D1=1, D2=1, f1=0.521324, f2=1.05734, G_p=1, G_f=0.521324, g_p=0.521324, g_f=0.46335
[ 0000411.1849 ]: Checking Snapshots (1.0000 1.0000) with K(1.0000->1.0000|1.0000) D(1.0000->1.0000|1.0000)
[ 0000412.7379 ]:      min      max     mean 
[ 0000412.7379 ]: --------------------------------------------------------------------------
[ 0000412.7379 ]:    59.34    59.34    59.34         cdmic : run_fastpm : fastpm.c 
[ 0000412.7380 ]:   295.70   295.70   295.70        evolve : run_fastpm : fastpm.c 
[ 0000412.7380 ]:     0.00     0.00     0.00      indexing : run_fastpm : fastpm.c 
[ 0000412.7380 ]:    56.14    56.14    56.14          init : run_fastpm : fastpm.c 
[ 0000412.7380 ]:     0.00     0.00     0.00            io : run_fastpm : fastpm.c 
[ 0000412.7380 ]:     0.00     0.00     0.00        ncdmic : run_fastpm : fastpm.c 
[ 0000412.7380 ]:     0.00     0.00     0.00          sort : run_fastpm : fastpm.c 
[ 0000412.7380 ]: --------------------------------------------------------------------------
[ 0000412.7380 ]:     7.71     7.71     7.71            io : take_a_snapshot : fastpm.c 
[ 0000412.7380 ]:   104.38   104.38   104.38          sort : take_a_snapshot : fastpm.c 
[ 0000412.7380 ]: --------------------------------------------------------------------------
[ 0000412.7380 ]:    12.54    12.54    12.54       compute : write_powerspectrum : fastpm.c 
[ 0000412.7380 ]:     0.00     0.00     0.00            io : write_powerspectrum : fastpm.c 
[ 0000412.7380 ]: --------------------------------------------------------------------------
[ 0000412.7380 ]:     4.47     4.47     4.47         paint : _fastpm_solver_compute_delta_k : gravity.c 
[ 0000412.7380 ]:    18.88    18.88    18.88           r2c : _fastpm_solver_compute_delta_k : gravity.c 
[ 0000412.7380 ]:     0.19     0.19     0.19      transfer : _fastpm_solver_compute_delta_k : gravity.c 
[ 0000412.7380 ]: --------------------------------------------------------------------------
[ 0000412.7380 ]:    48.83    48.83    48.83           c2r : _fastpm_solver_compute_force : gravity.c 
[ 0000412.7380 ]:    10.22    10.22    10.22       readout : _fastpm_solver_compute_force : gravity.c 
[ 0000412.7380 ]:     0.00     0.00     0.00        reduce : _fastpm_solver_compute_force : gravity.c 
[ 0000412.7380 ]:     7.41     7.41     7.41      transfer : _fastpm_solver_compute_force : gravity.c 
[ 0000412.7380 ]: --------------------------------------------------------------------------
[ 0000412.7381 ]:    31.08    31.08    31.08        ghosts : _fastpm_solver_create_ghosts : gravity.c 
[ 0000412.7381 ]: --------------------------------------------------------------------------
[ 0000412.7381 ]:     3.11     3.11     3.11       dealias : fastpm_solver_compute_force : gravity.c 
[ 0000412.7381 ]: --------------------------------------------------------------------------
[ 0000412.7381 ]:     0.00     0.00     0.00          meta : fastpm_store_write : io.c 
[ 0000412.7381 ]: --------------------------------------------------------------------------
[ 0000412.7381 ]:     0.17     0.17     0.17         drift : fastpm_do_drift : solver.c 
[ 0000412.7381 ]: --------------------------------------------------------------------------
[ 0000412.7381 ]:    25.71    25.71    25.71     decompose : fastpm_do_force : solver.c 
[ 0000412.7381 ]:    15.02    15.02    15.02         event : fastpm_do_force : solver.c 
[ 0000412.7381 ]:   128.76   128.76   128.76         force : fastpm_do_force : solver.c 
[ 0000412.7381 ]:     0.00     0.00     0.00          pgdc : fastpm_do_force : solver.c 
[ 0000412.7381 ]: --------------------------------------------------------------------------
[ 0000412.7381 ]:   121.11   121.11   121.11  interpolation : fastpm_do_interpolation : solver.c 
[ 0000412.7381 ]: --------------------------------------------------------------------------
[ 0000412.7381 ]:     0.77     0.77     0.77          kick : fastpm_do_kick : solver.c 
[ 0000412.7381 ]: --------------------------------------------------------------------------
[ 0000412.7381 ]:     0.12     0.12     0.12        warmup : fastpm_do_warmup : solver.c 
[ 0000412.7381 ]: --------------------------------------------------------------------------
[ 0000412.7381 ]:     0.00     0.00     0.00  aftertransit : fastpm_solver_evolve : solver.c 
[ 0000412.7381 ]:     0.00     0.00     0.00  beforetransit : fastpm_solver_evolve : solver.c 
